<?xml version="1.0" encoding="UTF-8"?>
<!-- Generated by org.testng.reporters.JUnitReportReporter -->
<testsuite hostname="INHYLHARSHITAR" failures="0" tests="9" name="com.mytests.MendixTest" time="957.891" errors="0" timestamp="2023-03-15T11:55:53 IST" skipped="0">
  <testcase classname="com.mytests.MendixTest" name="launchingMendixStudioPro" time="18.575"/>
  <system-out/>
  <testcase classname="com.mytests.MendixTest" name="creatingApp" time="12.695"/>
  <system-out/>
  <testcase classname="com.mytests.MendixTest" name="importingModule" time="240.114"/>
  <system-out/>
  <testcase classname="com.mytests.MendixTest" name="clickingOnImportButton" time="139.845"/>
  <system-out/>
  <testcase classname="com.mytests.MendixTest" name="changingTheSetting" time="42.935"/>
  <system-out/>
  <testcase classname="com.mytests.MendixTest" name="configureAppModules" time="108.197"/>
  <system-out/>
  <testcase classname="com.mytests.MendixTest" name="selecting" time="135.786"/>
  <system-out/>
  <testcase classname="com.mytests.MendixTest" name="commitTheChanges" time="75.237"/>
  <system-out/>
  <testcase classname="com.mytests.MendixTest" name="publishTheApp" time="184.507"/>
  <system-out/>
</testsuite> <!-- com.mytests.MendixTest -->
