<?xml version="1.0" encoding="UTF-8"?>
<!-- Generated by org.testng.reporters.JUnitReportReporter -->
<testsuite hostname="INHYLHARSHITAR" failures="0" tests="9" name="com.mytests.MendixTest" time="1034.021" errors="0" timestamp="2023-03-09T12:03:15 IST" skipped="0">
  <testcase classname="com.mytests.MendixTest" name="launchingMendixStudioPro" time="12.969"/>
  <system-out/>
  <testcase classname="com.mytests.MendixTest" name="creatingApp" time="8.392"/>
  <system-out/>
  <testcase classname="com.mytests.MendixTest" name="importingModule" time="0.085"/>
  <system-out/>
  <testcase classname="com.mytests.MendixTest" name="clickingOnImportButton" time="342.243"/>
  <system-out/>
  <testcase classname="com.mytests.MendixTest" name="changingTheSetting" time="54.119"/>
  <system-out/>
  <testcase classname="com.mytests.MendixTest" name="configureAppModules" time="133.723"/>
  <system-out/>
  <testcase classname="com.mytests.MendixTest" name="selecting" time="174.945"/>
  <system-out/>
  <testcase classname="com.mytests.MendixTest" name="commitTheChanges" time="22.290"/>
  <system-out/>
  <testcase classname="com.mytests.MendixTest" name="publishTheApp" time="285.255"/>
  <system-out/>
</testsuite> <!-- com.mytests.MendixTest -->
